<?xml version="1.0"?>
<scene id="1">
	<attribute name="Name" value="" />
	<attribute name="Time Scale" value="1" />
	<attribute name="Smoothing Constant" value="50" />
	<attribute name="Snap Threshold" value="5" />
	<attribute name="Elapsed Time" value="0" />
	<attribute name="Next Replicated Node ID" value="11" />
	<attribute name="Next Replicated Component ID" value="10" />
	<attribute name="Next Local Node ID" value="16777217" />
	<attribute name="Next Local Component ID" value="16777228" />
	<attribute name="Variables" />
	<attribute name="Variable Names" value="" />
	<component type="Octree" id="1" />
	<component type="DebugRenderer" id="2" />
	<node id="2">
		<attribute name="Is Enabled" value="true" />
		<attribute name="Name" value="" />
		<attribute name="Tags" />
		<attribute name="Position" value="0 3.08598 0" />
		<attribute name="Rotation" value="1 0 0 0" />
		<attribute name="Scale" value="1 1 1" />
		<attribute name="Variables" />
		<component type="Light" id="3">
			<attribute name="Light Shape Texture" value="TextureCube;" />
		</component>
	</node>
	<node id="3">
		<attribute name="Is Enabled" value="true" />
		<attribute name="Name" value="" />
		<attribute name="Tags" />
		<attribute name="Position" value="0 0 0" />
		<attribute name="Rotation" value="0.707107 0.707107 0 0" />
		<attribute name="Scale" value="1 1 1" />
		<attribute name="Variables" />
		<component type="StaticModel" id="4">
			<attribute name="Model" value="Model;Models/Wall_Modular.mdl" />
			<attribute name="Material" value="Material;;;" />
		</component>
	</node>
	<node id="4">
		<attribute name="Is Enabled" value="true" />
		<attribute name="Name" value="" />
		<attribute name="Tags" />
		<attribute name="Position" value="0 0 0" />
		<attribute name="Rotation" value="0.707107 0.707107 0 0" />
		<attribute name="Scale" value="1 1 1" />
		<attribute name="Variables" />
		<component type="StaticModel" id="6">
			<attribute name="Model" value="Model;Models/Column.mdl" />
			<attribute name="Material" value="Material;;" />
		</component>
	</node>
	<node id="5">
		<attribute name="Is Enabled" value="true" />
		<attribute name="Name" value="&lt;BlenderRoot>" />
		<attribute name="Tags" />
		<attribute name="Position" value="0 0 0" />
		<attribute name="Rotation" value="1 0 0 0" />
		<attribute name="Scale" value="1 1 1" />
		<attribute name="Variables" />
		<node id="6">
			<attribute name="Is Enabled" value="true" />
			<attribute name="Name" value="Wall_Modular" />
			<attribute name="Tags" />
			<attribute name="Position" value="0 0 -0" />
			<attribute name="Rotation" value="1 0 0 0" />
			<attribute name="Scale" value="1 1 1" />
			<attribute name="Variables" />
			<component type="StaticModel" id="7">
				<attribute name="Model" value="Model;Models/Wall_Modular.mdl" />
				<attribute name="Material" value="Material;Materials/Wall_Dark.xml;Materials/Wall_Medium.xml;Materials/Wall_Highlights.xml" />
			</component>
		</node>
	</node>
	<node id="7">
		<attribute name="Is Enabled" value="true" />
		<attribute name="Name" value="&lt;BlenderRoot>" />
		<attribute name="Tags" />
		<attribute name="Position" value="0 0 0" />
		<attribute name="Rotation" value="0.707107 0.707107 0 0" />
		<attribute name="Scale" value="1 1 1" />
		<attribute name="Variables" />
		<node id="8">
			<attribute name="Is Enabled" value="true" />
			<attribute name="Name" value="Column" />
			<attribute name="Tags" />
			<attribute name="Position" value="0 0 -0" />
			<attribute name="Rotation" value="1 0 0 0" />
			<attribute name="Scale" value="1 1 1" />
			<attribute name="Variables" />
			<component type="StaticModel" id="8">
				<attribute name="Model" value="Model;Models/Column.mdl" />
				<attribute name="Material" value="Material;Materials/Grey_Floor.xml;Materials/DarkGrey_Floor.xml" />
			</component>
		</node>
	</node>
	<node id="9">
		<attribute name="Is Enabled" value="true" />
		<attribute name="Name" value="&lt;BlenderRoot>" />
		<attribute name="Tags" />
		<attribute name="Position" value="-0.986026 -0.365841 2.54354" />
		<attribute name="Rotation" value="0.707107 0.707107 0 0" />
		<attribute name="Scale" value="1 1 1" />
		<attribute name="Variables" />
		<node id="10">
			<attribute name="Is Enabled" value="true" />
			<attribute name="Name" value="Column" />
			<attribute name="Tags" />
			<attribute name="Position" value="0 0 -0" />
			<attribute name="Rotation" value="1 0 0 0" />
			<attribute name="Scale" value="1 1 1" />
			<attribute name="Variables" />
			<component type="StaticModel" id="9">
				<attribute name="Model" value="Model;Models/Column.mdl" />
				<attribute name="Material" value="Material;Materials/Grey_Floor.xml;Materials/DarkGrey_Floor.xml" />
			</component>
		</node>
	</node>
</scene>
